<?xml version="1.0" encoding="UTF-8"?>
<testsuites>
  <testsuite name="performing_a_yahoo_search1" timestamp="2018-09-05T16:11:06" time="3.864" tests="0" failures="0" errors="0" skipped="0">
    <properties>
      <property name="specId" value="3d8e633433722da3c32a337e27537f4c"/>
      <property name="suiteName" value="Performing a Yahoo Search1"/>
      <property name="capabilities" value="chrome"/>
    </properties>
  </testsuite>
  <testsuite name="performing_a_search_operation11" timestamp="2018-09-05T16:11:06" time="2.613" tests="4" failures="0" errors="1" skipped="3">
    <properties>
      <property name="specId" value="3d8e633433722da3c32a337e27537f4c"/>
      <property name="suiteName" value="Performing a search operation11"/>
      <property name="capabilities" value="chrome"/>
    </properties>
    <testcase classname="chrome.Performing a search operation11" name="I am on the search page9" time="5.142">
      <error message="&#xA;expected 'Yahoo is now part of Oath' to equal 'Yahoo Search - Web Search'&#xA;"/>
      <system-err>
        <![CDATA[
AssertionError: expected 'Yahoo is now part of Oath' to equal 'Yahoo Search - Web Search'
    at World.<anonymous> (C:/Users/lbalogun/Pictures/webdriverio-cucumberbdd/test/stepDefinitions/given.js:11:31)
    at C:\Users\lbalogun\Pictures\webdriverio-cucumberbdd\node_modules\wdio-sync\build\index.js:594:26
    at new Promise (<anonymous>)
    at new F (C:\Users\lbalogun\Pictures\webdriverio-cucumberbdd\node_modules\core-js\library\modules\_export.js:36:28)
    at World.executeSync (C:\Users\lbalogun\Pictures\webdriverio-cucumberbdd\node_modules\wdio-sync\build\index.js:592:12)
    at C:\Users\lbalogun\Pictures\webdriverio-cucumberbdd\node_modules\wdio-sync\build\index.js:214:29
]]>
      </system-err>
    </testcase>
    <testcase classname="chrome.Performing a search operation11" name="I enter &quot;Selenium Webdriver&quot; into the search box12" time="0">
      <skipped/>
    </testcase>
    <testcase classname="chrome.Performing a search operation11" name="I click the search button13" time="0">
      <skipped/>
    </testcase>
    <testcase classname="chrome.Performing a search operation11" name="I should see a list of search results14" time="0">
      <skipped/>
    </testcase>
  </testsuite>
  <testsuite name="performing_a_search_operation_with_passing_test_data_as_data_table23" timestamp="2018-09-05T16:11:08" time="1.237" tests="4" failures="0" errors="1" skipped="3">
    <properties>
      <property name="specId" value="3d8e633433722da3c32a337e27537f4c"/>
      <property name="suiteName" value="Performing a search operation with passing test data as data table23"/>
      <property name="capabilities" value="chrome"/>
    </properties>
    <testcase classname="chrome.Performing a search operation with passing test data as data table23" name="I am on the search page9" time="2.521">
      <error message="&#xA;expected 'Yahoo is now part of Oath' to equal 'Yahoo Search - Web Search'&#xA;"/>
      <system-err>
        <![CDATA[
AssertionError: expected 'Yahoo is now part of Oath' to equal 'Yahoo Search - Web Search'
    at World.<anonymous> (C:/Users/lbalogun/Pictures/webdriverio-cucumberbdd/test/stepDefinitions/given.js:11:31)
    at C:\Users\lbalogun\Pictures\webdriverio-cucumberbdd\node_modules\wdio-sync\build\index.js:594:26
    at new Promise (<anonymous>)
    at new F (C:\Users\lbalogun\Pictures\webdriverio-cucumberbdd\node_modules\core-js\library\modules\_export.js:36:28)
    at World.executeSync (C:\Users\lbalogun\Pictures\webdriverio-cucumberbdd\node_modules\wdio-sync\build\index.js:592:12)
    at C:\Users\lbalogun\Pictures\webdriverio-cucumberbdd\node_modules\wdio-sync\build\index.js:214:29
]]>
      </system-err>
    </testcase>
    <testcase classname="chrome.Performing a search operation with passing test data as data table23" name="I enter &quot;Selenium Webdriver&quot; into the search box17" time="0">
      <skipped/>
    </testcase>
    <testcase classname="chrome.Performing a search operation with passing test data as data table23" name="I click the search button18" time="0">
      <skipped/>
    </testcase>
    <testcase classname="chrome.Performing a search operation with passing test data as data table23" name="I should see a list of search results19" time="0">
      <skipped/>
    </testcase>
  </testsuite>
</testsuites>